<?xml version="1.0" encoding="UTF-8"?>
<testng-results skipped="0" failed="0" ignored="0" total="1" passed="1">
  <reporter-output>
  </reporter-output>
  <suite name="Default suite" duration-ms="7092" started-at="2020-02-20T11:32:58 IST" finished-at="2020-02-20T11:33:05 IST">
    <groups>
    </groups>
    <test name="Default test" duration-ms="7092" started-at="2020-02-20T11:32:58 IST" finished-at="2020-02-20T11:33:05 IST">
      <class name="gradledemo.samplegradle">
        <test-method status="PASS" signature="testCase()[pri:0, instance:gradledemo.samplegradle@6a396c1e]" name="testCase" duration-ms="6981" started-at="2020-02-20T11:32:58 IST" finished-at="2020-02-20T11:33:05 IST">
          <reporter-output>
          </reporter-output>
        </test-method> <!-- testCase -->
      </class> <!-- gradledemo.samplegradle -->
    </test> <!-- Default test -->
  </suite> <!-- Default suite -->
</testng-results>
